[2023-12-01 09:33:58 INFO]: install::setup-logging ended
================
[2023-12-01 09:33:58 INFO]: install::start-up started
[2023-12-01 09:33:58 INFO]: install::start-up build image
[2023-12-01 09:33:58 INFO]: install::start-up running image
[2023-12-01 09:33:58 INFO]: install::start-up ended
================
[2023-12-01 09:35:33 INFO]: install::root-check started
[2023-12-01 09:35:33 INFO]: install::root-check ended
================
[2023-12-01 09:35:33 INFO]: install::docker-check started
[2023-12-01 09:35:33 INFO]: install::docker-check ended
================
[2023-12-01 09:35:33 INFO]: install::docker-compose-check started
[2023-12-01 09:35:33 INFO]: install::docker-compose-check ended
================
[2023-12-01 09:35:33 INFO]: install::tear-down started
[2023-12-01 09:35:33 INFO]: install::tear-down stoping services
[2023-12-01 09:35:33 INFO]: install::tear-down ended
================
